2014-01-23 00:09:973 INFO     MAIN_APP :: Starting up app in unknown environment.
2014-01-23 00:09:977 DEBUG    CONFIG :: Loading configuration data.
2014-01-23 00:10:164 INFO     MAIN_APP :: Starting up app in unknown environment.
2014-01-23 00:10:167 DEBUG    CONFIG :: Loading configuration data.
2014-01-23 00:10:169 DEBUG    CONFIG :: Cache folders does not exist. Attempting to create folder
2014-01-23 00:10:169 INFO     CONFIG :: Validated general configuration
2014-01-23 00:10:169 DEBUG    CONFIG :: Checking to see if salt has been generated.
2014-01-23 00:10:169 DEBUG    CONFIG :: Salt is present, moving on!
2014-01-23 00:10:170 DEBUG    CONFIG :: Checking to see if password is present and encrypted.
2014-01-23 00:10:170 DEBUG    CONFIG :: Present and encrypted, moving on!
2014-01-23 00:10:171 INFO     CONFIG :: Validated drives configuration
2014-01-23 00:10:173 ERROR    MAIN_APP :: Bandwidth is not defined
2014-01-23 17:09:527 INFO     MAIN_APP :: Starting up app in development environment.
2014-01-23 17:09:531 DEBUG    CONFIG :: Loading configuration data.
2014-01-23 17:09:536 INFO     CONFIG :: Validated general configuration
2014-01-23 17:09:536 DEBUG    CONFIG :: Checking to see if salt has been generated.
2014-01-23 17:09:536 DEBUG    CONFIG :: Salt is present, moving on!
2014-01-23 17:09:536 DEBUG    CONFIG :: Checking to see if password is present and encrypted.
2014-01-23 17:09:537 DEBUG    CONFIG :: Present and encrypted, moving on!
2014-01-23 17:09:539 INFO     CONFIG :: Validated drives configuration
2014-01-23 17:09:541 ERROR    MAIN_APP :: Bandwidth is not defined
2014-01-23 17:10:348 INFO     MAIN_APP :: Starting up app in development environment.
2014-01-23 17:10:352 DEBUG    CONFIG :: Loading configuration data.
2014-01-23 17:10:354 INFO     CONFIG :: Validated general configuration
2014-01-23 17:10:355 DEBUG    CONFIG :: Checking to see if salt has been generated.
2014-01-23 17:10:355 DEBUG    CONFIG :: Salt is present, moving on!
2014-01-23 17:10:355 DEBUG    CONFIG :: Checking to see if password is present and encrypted.
2014-01-23 17:10:355 DEBUG    CONFIG :: Present and encrypted, moving on!
2014-01-23 17:10:357 INFO     CONFIG :: Validated drives configuration
2014-01-23 17:10:357 INFO     CONFIG :: Validated bandwidth servers configuration.
2014-01-23 17:10:358 INFO     CONFIG :: Validated monitoring services configuration
2014-01-23 17:10:359 DEBUG    CONFIG :: Testing Sick Beard's api key
2014-01-23 17:10:363 DEBUG    CONFIG :: Does Sick Beard cache folder exist? false
2014-01-23 17:10:363 DEBUG    CONFIG :: Creating cache folder for Sick Beard.
2014-01-23 17:10:720 DEBUG    CONFIG :: Successful ping to Sick Beard.
2014-01-23 17:10:720 INFO     CONFIG :: Validated Sick Beard configuration
2014-01-23 17:10:721 DEBUG    CONFIG :: Getting plex token for myPlex.
2014-01-23 17:10:723 ERROR    MAIN_APP :: Arguments to path.join must be strings
2014-01-23 17:10:186 DEBUG    CONFIG :: Sending a ping to the plex media server.
2014-01-23 17:10:504 DEBUG    CONFIG :: Checking to see if th tv section id is proper - 2
2014-01-23 17:10:014 DEBUG    CONFIG :: Checking to see if th movie section id is proper - 1
2014-01-23 17:10:342 INFO     CONFIG :: Validated Plex configuration
2014-01-23 17:11:108 INFO     MAIN_APP :: Starting up app in development environment.
2014-01-23 17:11:114 DEBUG    CONFIG :: Loading configuration data.
2014-01-23 17:11:116 INFO     CONFIG :: Validated general configuration
2014-01-23 17:11:117 DEBUG    CONFIG :: Checking to see if salt has been generated.
2014-01-23 17:11:117 DEBUG    CONFIG :: Salt is present, moving on!
2014-01-23 17:11:118 DEBUG    CONFIG :: Checking to see if password is present and encrypted.
2014-01-23 17:11:118 DEBUG    CONFIG :: Present and encrypted, moving on!
2014-01-23 17:11:119 INFO     CONFIG :: Validated drives configuration
2014-01-23 17:11:120 INFO     CONFIG :: Validated bandwidth servers configuration.
2014-01-23 17:11:121 INFO     CONFIG :: Validated monitoring services configuration
2014-01-23 17:11:122 DEBUG    CONFIG :: Testing Sick Beard's api key
2014-01-23 17:11:126 DEBUG    CONFIG :: Does Sick Beard cache folder exist? true
2014-01-23 17:11:593 DEBUG    CONFIG :: Successful ping to Sick Beard.
2014-01-23 17:11:594 INFO     CONFIG :: Validated Sick Beard configuration
2014-01-23 17:11:595 DEBUG    CONFIG :: Getting plex token for myPlex.
2014-01-23 17:11:598 DEBUG    CONFIG :: Does Plex cache folder exist? false
2014-01-23 17:11:598 DEBUG    CONFIG :: Creating cache folder for Plex.
2014-01-23 17:11:009 DEBUG    CONFIG :: Sending a ping to the plex media server.
2014-01-23 17:11:328 DEBUG    CONFIG :: Checking to see if th tv section id is proper - 2
2014-01-23 17:11:878 DEBUG    CONFIG :: Checking to see if th movie section id is proper - 1
2014-01-23 17:11:186 INFO     CONFIG :: Validated Plex configuration
2014-01-23 17:11:187 INFO     CONFIG :: Validated Forecast.io weather configuration
2014-01-23 17:11:187 INFO     CONFIG :: Good to launch! All configuration has been validated and tested!
2014-01-23 17:11:207 INFO     MAIN_APP :: UpsBoard is running at 0.0.0.0:24180
2014-01-23 17:11:901 DEBUG    DRIVE_SPACE :: Getting drive space for PolarBear Main Hard Drive using df command
2014-01-23 17:11:903 DEBUG    COMMAND :: Excuting command (ref #1390518715902, local): df --block-size=1024 "/"
2014-01-23 17:11:912 DEBUG    DRIVE_SPACE :: Getting drive space for WhiteBear Main Hard Drive using df command
2014-01-23 17:11:926 DEBUG    COMMAND :: Initializing command on remote server. (ref #1390518715926)
2014-01-23 17:11:926 DEBUG    SERVICE :: Testing to see if server, 198.100.149.12:2410 is online
2014-01-23 17:11:928 DEBUG    DRIVE_SPACE :: Getting drive space for Backup Drive using df command
2014-01-23 17:11:928 DEBUG    COMMAND :: Excuting command (ref #1390518715928, local): df --block-size=1024 "/home/matthew/BackupDrive"
2014-01-23 17:11:938 DEBUG    COMMAND :: Finished executing command.(ref #1390518715928, local)
2014-01-23 17:11:938 DEBUG    DRIVE_SPACE :: Falling back to du for Backup Drive
2014-01-23 17:11:939 DEBUG    COMMAND :: Excuting command (ref #1390518715939, local): du --block-size=1024 -s "/home/matthew/BackupDrive"
2014-01-23 17:11:945 DEBUG    COMMAND :: Finished executing command.(ref #1390518715902, local)
2014-01-23 17:11:946 DEBUG    DRIVE_SPACE :: Finished processing drive stats for PolarBear Main Hard Drive. Took 45ms
2014-01-23 17:11:949 DEBUG    COMMAND :: Finished executing command.(ref #1390518715939, local)
2014-01-23 17:11:950 DEBUG    DRIVE_SPACE :: Finished processing drive stats for Backup Drive. Took 23ms
2014-01-23 17:11:427 DEBUG    BANDWIDTH :: Getting bandwidth data for PolarBear
2014-01-23 17:11:427 DEBUG    BANDWIDTH :: Getting live bandwidth data for PolarBear from local server.
2014-01-23 17:11:428 DEBUG    COMMAND :: Excuting command (ref #1390518716428, local): vnstat -i eth0 -tr
2014-01-23 17:11:435 DEBUG    COMMAND :: Excuting command (ref #1390518716435, local): vnstat -i eth0 --xml
2014-01-23 17:11:442 DEBUG    BANDWIDTH :: Getting bandwidth data for WhiteBear
2014-01-23 17:11:443 DEBUG    BANDWIDTH :: Getting live bandwidth data for WhiteBear from remote server.
2014-01-23 17:11:443 DEBUG    COMMAND :: Initializing command on remote server. (ref #1390518716443)
2014-01-23 17:11:443 DEBUG    SERVICE :: Testing to see if server, whitebear:2410 is online
2014-01-23 17:11:444 DEBUG    COMMAND :: Initializing command on remote server. (ref #1390518716444)
2014-01-23 17:11:444 DEBUG    SERVICE :: Testing to see if server, whitebear:2410 is online
2014-01-23 17:11:453 DEBUG    COMMAND :: Finished executing command.(ref #1390518716435, local)
2014-01-23 17:11:454 DEBUG    BANDWIDTH :: Finished getting history of bandwidth for PolarBear. Took 19ms
2014-01-23 17:11:936 DEBUG    SERVICE :: Connection made to server 198.100.149.12:2410
2014-01-23 17:11:937 DEBUG    COMMAND :: Excuting command (ref #1390518715926, remote): df --block-size=1024 "/"
2014-01-23 17:11:199 DEBUG    SERVICE :: Connection made to server whitebear:2410
2014-01-23 17:11:200 DEBUG    COMMAND :: Excuting command (ref #1390518716444, remote): vnstat -i eth0 --xml
2014-01-23 17:11:315 DEBUG    API_ROUTE :: Checking to see if anyone is watching anything on plex
2014-01-23 17:11:375 DEBUG    COMMAND :: Finished executing command.(ref #1390518715926, remote)
2014-01-23 17:11:378 DEBUG    DRIVE_SPACE :: Finished processing drive stats for WhiteBear Main Hard Drive. Took 1465ms
2014-01-23 17:11:466 DEBUG    SERVICE :: Connection made to server whitebear:2410
2014-01-23 17:11:467 DEBUG    COMMAND :: Excuting command (ref #1390518716443, remote): vnstat -i eth0 -tr
2014-01-23 17:11:677 DEBUG    COMMAND :: Finished executing command.(ref #1390518716444, remote)
2014-01-23 17:11:678 DEBUG    BANDWIDTH :: Finished getting history of bandwidth for WhiteBear. Took 1234ms
2014-01-23 17:11:844 DEBUG    PLEX :: Finished getting xml from Plex, now processing data
2014-01-23 17:11:844 DEBUG    API_ROUTE :: Successfully got current watching videos from plex
2014-01-23 17:12:453 DEBUG    COMMAND :: Finished executing command.(ref #1390518716428, local)
2014-01-23 17:12:454 DEBUG    BANDWIDTH :: Finished getting live bandwidth for PolarBear. Took 5027ms
2014-01-23 17:12:870 DEBUG    COMMAND :: Finished executing command.(ref #1390518716443, remote)
2014-01-23 17:12:871 DEBUG    BANDWIDTH :: Finished getting live bandwidth for WhiteBear. Took 6429ms
2014-01-23 17:17:920 INFO     MAIN_APP :: Starting up app in development environment.
2014-01-23 17:17:924 DEBUG    CONFIG :: Loading configuration data.
2014-01-23 17:17:926 INFO     CONFIG :: Validated general configuration
2014-01-23 17:17:926 DEBUG    CONFIG :: Checking to see if salt has been generated.
2014-01-23 17:17:926 DEBUG    CONFIG :: Salt is present, moving on!
2014-01-23 17:17:926 DEBUG    CONFIG :: Checking to see if password is present and encrypted.
2014-01-23 17:17:926 DEBUG    CONFIG :: Present and encrypted, moving on!
2014-01-23 17:17:928 INFO     CONFIG :: Validated drives configuration
2014-01-23 17:17:929 INFO     CONFIG :: Validated bandwidth servers configuration.
2014-01-23 17:17:929 INFO     CONFIG :: Validated monitoring services configuration
2014-01-23 17:17:929 DEBUG    CONFIG :: Testing Sick Beard's api key
2014-01-23 17:17:933 DEBUG    CONFIG :: Does Sick Beard cache folder exist? true
2014-01-23 17:17:256 DEBUG    CONFIG :: Successful ping to Sick Beard.
2014-01-23 17:17:256 INFO     CONFIG :: Validated Sick Beard configuration
2014-01-23 17:17:280 DEBUG    CONFIG :: Getting plex token for myPlex.
2014-01-23 17:17:282 DEBUG    CONFIG :: Does Plex cache folder exist? true
2014-01-23 17:17:733 DEBUG    CONFIG :: Sending a ping to the plex media server.
2014-01-23 17:17:045 DEBUG    CONFIG :: Checking to see if th tv section id is proper - 2
2014-01-23 17:17:557 DEBUG    CONFIG :: Checking to see if th movie section id is proper - 1
2014-01-23 17:17:867 INFO     CONFIG :: Validated Plex configuration
2014-01-23 17:17:868 INFO     CONFIG :: Validated Forecast.io weather configuration
2014-01-23 17:17:868 INFO     CONFIG :: Good to launch! All configuration has been validated and tested!
2014-01-23 17:17:889 INFO     MAIN_APP :: UpsBoard is running at 0.0.0.0:24180
2014-01-23 17:19:807 INFO     MAIN_APP :: Starting up app in development environment.
2014-01-23 17:19:811 DEBUG    CONFIG :: Loading configuration data.
2014-01-23 17:19:813 INFO     CONFIG :: Validated general configuration
2014-01-23 17:19:813 DEBUG    CONFIG :: Checking to see if salt has been generated.
2014-01-23 17:19:813 DEBUG    CONFIG :: Salt is present, moving on!
2014-01-23 17:19:814 DEBUG    CONFIG :: Checking to see if password is present and encrypted.
2014-01-23 17:19:814 DEBUG    CONFIG :: Present and encrypted, moving on!
2014-01-23 17:19:815 INFO     CONFIG :: Validated drives configuration
2014-01-23 17:19:816 INFO     CONFIG :: Validated bandwidth servers configuration.
2014-01-23 17:19:816 INFO     CONFIG :: Validated monitoring services configuration
2014-01-23 17:19:817 DEBUG    CONFIG :: Testing Sick Beard's api key
2014-01-23 17:19:820 DEBUG    CONFIG :: Does Sick Beard cache folder exist? true
2014-01-23 17:19:176 DEBUG    CONFIG :: Successful ping to Sick Beard.
2014-01-23 17:19:176 INFO     CONFIG :: Validated Sick Beard configuration
2014-01-23 17:19:197 DEBUG    CONFIG :: Getting plex token for myPlex.
2014-01-23 17:19:199 DEBUG    CONFIG :: Does Plex cache folder exist? false
2014-01-23 17:19:199 DEBUG    CONFIG :: Creating cache folder for Plex.
2014-01-23 17:19:767 DEBUG    CONFIG :: Sending a ping to the plex media server.
2014-01-23 17:19:094 DEBUG    CONFIG :: Checking to see if th tv section id is proper - 2
2014-01-23 17:19:626 DEBUG    CONFIG :: Checking to see if th movie section id is proper - 1
2014-01-23 17:19:948 INFO     CONFIG :: Validated Plex configuration
2014-01-23 17:19:948 INFO     CONFIG :: Validated Forecast.io weather configuration
2014-01-23 17:19:949 INFO     CONFIG :: Good to launch! All configuration has been validated and tested!
2014-01-23 17:19:971 INFO     MAIN_APP :: UpsBoard is running at 0.0.0.0:24180
2014-01-23 17:19:159 DEBUG    DRIVE_SPACE :: Getting drive space for PolarBear Main Hard Drive using df command
2014-01-23 17:19:160 DEBUG    COMMAND :: Excuting command (ref #1390519181160, local): df --block-size=1024 "/"
2014-01-23 17:19:169 DEBUG    DRIVE_SPACE :: Getting drive space for WhiteBear Main Hard Drive using df command
2014-01-23 17:19:169 DEBUG    COMMAND :: Initializing command on remote server. (ref #1390519181169)
2014-01-23 17:19:170 DEBUG    SERVICE :: Testing to see if server, 198.100.149.12:2410 is online
2014-01-23 17:19:171 DEBUG    DRIVE_SPACE :: Getting drive space for Backup Drive using df command
2014-01-23 17:19:171 DEBUG    COMMAND :: Excuting command (ref #1390519181171, local): df --block-size=1024 "/home/matthew/BackupDrive"
2014-01-23 17:19:182 DEBUG    COMMAND :: Finished executing command.(ref #1390519181171, local)
2014-01-23 17:19:183 DEBUG    DRIVE_SPACE :: Falling back to du for Backup Drive
2014-01-23 17:19:183 DEBUG    COMMAND :: Excuting command (ref #1390519181183, local): du --block-size=1024 -s "/home/matthew/BackupDrive"
2014-01-23 17:19:190 DEBUG    COMMAND :: Finished executing command.(ref #1390519181160, local)
2014-01-23 17:19:191 DEBUG    DRIVE_SPACE :: Finished processing drive stats for PolarBear Main Hard Drive. Took 32ms
2014-01-23 17:19:195 DEBUG    COMMAND :: Finished executing command.(ref #1390519181183, local)
2014-01-23 17:19:195 DEBUG    DRIVE_SPACE :: Finished processing drive stats for Backup Drive. Took 24ms
2014-01-23 17:19:337 DEBUG    BANDWIDTH :: Getting bandwidth data for PolarBear
2014-01-23 17:19:338 DEBUG    BANDWIDTH :: Getting live bandwidth data for PolarBear from local server.
2014-01-23 17:19:338 DEBUG    COMMAND :: Excuting command (ref #1390519181338, local): vnstat -i eth0 -tr
2014-01-23 17:19:346 DEBUG    COMMAND :: Excuting command (ref #1390519181346, local): vnstat -i eth0 --xml
2014-01-23 17:19:353 DEBUG    BANDWIDTH :: Getting bandwidth data for WhiteBear
2014-01-23 17:19:353 DEBUG    BANDWIDTH :: Getting live bandwidth data for WhiteBear from remote server.
2014-01-23 17:19:353 DEBUG    COMMAND :: Initializing command on remote server. (ref #1390519181353)
2014-01-23 17:19:354 DEBUG    SERVICE :: Testing to see if server, whitebear:2410 is online
2014-01-23 17:19:355 DEBUG    COMMAND :: Initializing command on remote server. (ref #1390519181354)
2014-01-23 17:19:355 DEBUG    SERVICE :: Testing to see if server, whitebear:2410 is online
2014-01-23 17:19:393 DEBUG    COMMAND :: Finished executing command.(ref #1390519181346, local)
2014-01-23 17:19:393 DEBUG    BANDWIDTH :: Finished getting history of bandwidth for PolarBear. Took 47ms
2014-01-23 17:19:757 DEBUG    SERVICE :: Connection made to server 198.100.149.12:2410
2014-01-23 17:19:758 DEBUG    COMMAND :: Excuting command (ref #1390519181169, remote): df --block-size=1024 "/"
2014-01-23 17:19:857 DEBUG    API_ROUTE :: Checking to see if anyone is watching anything on plex
2014-01-23 17:19:927 DEBUG    SERVICE :: Connection made to server whitebear:2410
2014-01-23 17:19:927 DEBUG    COMMAND :: Excuting command (ref #1390519181354, remote): vnstat -i eth0 --xml
2014-01-23 17:19:951 DEBUG    SERVICE :: Connection made to server whitebear:2410
2014-01-23 17:19:951 DEBUG    COMMAND :: Excuting command (ref #1390519181353, remote): vnstat -i eth0 -tr
2014-01-23 17:19:311 DEBUG    COMMAND :: Finished executing command.(ref #1390519181169, remote)
2014-01-23 17:19:313 DEBUG    DRIVE_SPACE :: Finished processing drive stats for WhiteBear Main Hard Drive. Took 1144ms
2014-01-23 17:19:343 DEBUG    COMMAND :: Finished executing command.(ref #1390519181354, remote)
2014-01-23 17:19:345 DEBUG    BANDWIDTH :: Finished getting history of bandwidth for WhiteBear. Took 991ms
2014-01-23 17:19:466 DEBUG    PLEX :: Finished getting xml from Plex, now processing data
2014-01-23 17:19:467 DEBUG    API_ROUTE :: Successfully got current watching videos from plex
2014-01-23 17:19:348 DEBUG    COMMAND :: Finished executing command.(ref #1390519181338, local)
2014-01-23 17:19:348 DEBUG    BANDWIDTH :: Finished getting live bandwidth for PolarBear. Took 5010ms
2014-01-23 17:19:340 DEBUG    COMMAND :: Finished executing command.(ref #1390519181353, remote)
2014-01-23 17:19:341 DEBUG    BANDWIDTH :: Finished getting live bandwidth for WhiteBear. Took 5988ms
2014-01-23 17:33:433 INFO     MAIN_APP :: Starting up app in development environment.
2014-01-23 17:33:437 DEBUG    CONFIG :: Loading configuration data.
2014-01-23 17:33:439 INFO     CONFIG :: Validated general configuration
2014-01-23 17:33:439 DEBUG    CONFIG :: Checking to see if salt has been generated.
2014-01-23 17:33:439 DEBUG    CONFIG :: Salt is present, moving on!
2014-01-23 17:33:440 DEBUG    CONFIG :: Checking to see if password is present and encrypted.
2014-01-23 17:33:440 DEBUG    CONFIG :: Present and encrypted, moving on!
2014-01-23 17:33:441 INFO     CONFIG :: Validated drives configuration
2014-01-23 17:33:442 INFO     CONFIG :: Validated bandwidth servers configuration.
2014-01-23 17:33:443 INFO     CONFIG :: Validated monitoring services configuration
2014-01-23 17:33:443 DEBUG    CONFIG :: Testing Sick Beard's api key
2014-01-23 17:33:447 DEBUG    CONFIG :: Does Sick Beard cache folder exist? true
2014-01-23 17:33:880 DEBUG    CONFIG :: Successful ping to Sick Beard.
2014-01-23 17:33:880 INFO     CONFIG :: Validated Sick Beard configuration
2014-01-23 17:33:881 DEBUG    CONFIG :: Getting plex token for myPlex.
2014-01-23 17:33:882 DEBUG    CONFIG :: Does Plex cache folder exist? true
2014-01-23 17:33:314 DEBUG    CONFIG :: Sending a ping to the plex media server.
2014-01-23 17:33:613 DEBUG    CONFIG :: Checking to see if th tv section id is proper - 2
2014-01-23 17:33:222 DEBUG    CONFIG :: Checking to see if th movie section id is proper - 1
2014-01-23 17:33:525 INFO     CONFIG :: Validated Plex configuration
2014-01-23 17:33:525 INFO     CONFIG :: Validated Forecast.io weather configuration
2014-01-23 17:33:526 INFO     CONFIG :: Good to launch! All configuration has been validated and tested!
2014-01-23 17:33:546 INFO     MAIN_APP :: UpsBoard is running at 0.0.0.0:24180
2014-01-23 17:33:867 DEBUG    DRIVE_SPACE :: Getting drive space for PolarBear Main Hard Drive using df command
2014-01-23 17:33:868 DEBUG    COMMAND :: Excuting command (ref #1390520027868, local): df --block-size=1024 "/"
2014-01-23 17:33:878 DEBUG    DRIVE_SPACE :: Getting drive space for WhiteBear Main Hard Drive using df command
2014-01-23 17:33:878 DEBUG    COMMAND :: Initializing command on remote server. (ref #1390520027878)
2014-01-23 17:33:879 DEBUG    SERVICE :: Testing to see if server, 198.100.149.12:2410 is online
2014-01-23 17:33:880 DEBUG    DRIVE_SPACE :: Getting drive space for Backup Drive using df command
2014-01-23 17:33:880 DEBUG    COMMAND :: Excuting command (ref #1390520027880, local): df --block-size=1024 "/home/matthew/BackupDrive"
2014-01-23 17:33:890 DEBUG    COMMAND :: Finished executing command.(ref #1390520027880, local)
2014-01-23 17:33:891 DEBUG    DRIVE_SPACE :: Falling back to du for Backup Drive
2014-01-23 17:33:891 DEBUG    COMMAND :: Excuting command (ref #1390520027891, local): du --block-size=1024 -s "/home/matthew/BackupDrive"
2014-01-23 17:33:898 DEBUG    COMMAND :: Finished executing command.(ref #1390520027868, local)
2014-01-23 17:33:898 DEBUG    DRIVE_SPACE :: Finished processing drive stats for PolarBear Main Hard Drive. Took 31ms
2014-01-23 17:33:902 DEBUG    COMMAND :: Finished executing command.(ref #1390520027891, local)
2014-01-23 17:33:902 DEBUG    DRIVE_SPACE :: Finished processing drive stats for Backup Drive. Took 23ms
2014-01-23 17:33:046 DEBUG    BANDWIDTH :: Getting bandwidth data for PolarBear
2014-01-23 17:33:047 DEBUG    BANDWIDTH :: Getting live bandwidth data for PolarBear from local server.
2014-01-23 17:33:047 DEBUG    COMMAND :: Excuting command (ref #1390520028047, local): vnstat -i eth0 -tr
2014-01-23 17:33:054 DEBUG    COMMAND :: Excuting command (ref #1390520028054, local): vnstat -i eth0 --xml
2014-01-23 17:33:059 DEBUG    BANDWIDTH :: Getting bandwidth data for WhiteBear
2014-01-23 17:33:060 DEBUG    BANDWIDTH :: Getting live bandwidth data for WhiteBear from remote server.
2014-01-23 17:33:060 DEBUG    COMMAND :: Initializing command on remote server. (ref #1390520028060)
2014-01-23 17:33:060 DEBUG    SERVICE :: Testing to see if server, whitebear:2410 is online
2014-01-23 17:33:060 DEBUG    COMMAND :: Initializing command on remote server. (ref #1390520028060)
2014-01-23 17:33:061 DEBUG    SERVICE :: Testing to see if server, whitebear:2410 is online
2014-01-23 17:33:070 DEBUG    COMMAND :: Finished executing command.(ref #1390520028054, local)
2014-01-23 17:33:070 DEBUG    BANDWIDTH :: Finished getting history of bandwidth for PolarBear. Took 16ms
2014-01-23 17:33:688 DEBUG    SERVICE :: Connection made to server 198.100.149.12:2410
2014-01-23 17:33:690 DEBUG    COMMAND :: Excuting command (ref #1390520027878, remote): df --block-size=1024 "/"
2014-01-23 17:33:807 DEBUG    SERVICE :: Connection made to server whitebear:2410
2014-01-23 17:33:807 DEBUG    COMMAND :: Excuting command (ref #1390520028060, remote): vnstat -i eth0 --xml
2014-01-23 17:33:950 DEBUG    API_ROUTE :: Checking to see if anyone is watching anything on plex
2014-01-23 17:33:089 DEBUG    SERVICE :: Connection made to server whitebear:2410
2014-01-23 17:33:089 DEBUG    COMMAND :: Excuting command (ref #1390520028060, remote): vnstat -i eth0 -tr
2014-01-23 17:33:347 DEBUG    PLEX :: Finished getting xml from Plex, now processing data
2014-01-23 17:33:348 DEBUG    API_ROUTE :: Successfully got current watching videos from plex
2014-01-23 17:33:458 DEBUG    COMMAND :: Finished executing command.(ref #1390520027878, remote)
2014-01-23 17:33:459 DEBUG    DRIVE_SPACE :: Finished processing drive stats for WhiteBear Main Hard Drive. Took 1581ms
2014-01-23 17:33:460 DEBUG    COMMAND :: Finished executing command.(ref #1390520028060, remote)
2014-01-23 17:33:460 DEBUG    BANDWIDTH :: Finished getting history of bandwidth for WhiteBear. Took 1400ms
2014-01-23 17:33:055 DEBUG    COMMAND :: Finished executing command.(ref #1390520028047, local)
2014-01-23 17:33:057 DEBUG    BANDWIDTH :: Finished getting live bandwidth for PolarBear. Took 5010ms
2014-01-23 17:33:479 DEBUG    COMMAND :: Finished executing command.(ref #1390520028060, remote)
2014-01-23 17:33:480 DEBUG    BANDWIDTH :: Finished getting live bandwidth for WhiteBear. Took 6420ms
